<?xml version="1.0" encoding="UTF-8"?>
<!-- Generated by org.testng.reporters.JUnitXMLReporter -->
<testsuite hostname="WKMGB2584871" failures="0" tests="3" name="Default test" time="56.812" errors="0" timestamp="26 Jan 2020 21:37:50 GMT">
  <testcase classname="com.hellofresh.tests.VerifySignIn" name="checkoutTest" time="18.422"/>
  <testcase classname="com.hellofresh.tests.VerifySignIn" name="logInTest" time="5.205"/>
  <testcase classname="com.hellofresh.tests.VerifySignIn" name="signInTest" time="8.148"/>
</testsuite> <!-- Default test -->
