<?xml version="1.0" encoding="UTF-8"?>
<!-- Generated by org.testng.reporters.JUnitXMLReporter -->
<testsuite hostname="WKMGB2584871" failures="0" tests="3" name="Test" time="57.655" errors="0" timestamp="27 Jan 2020 21:11:12 GMT">
  <testcase classname="com.hellofresh.tests.VerifySignIn" name="signInTest" time="8.278"/>
  <testcase classname="com.hellofresh.tests.VerifySignIn" name="logInTest" time="5.833"/>
  <testcase classname="com.hellofresh.tests.VerifySignIn" name="checkoutTest" time="18.515"/>
</testsuite> <!-- Test -->
