<?xml version="1.0" encoding="UTF-8"?>
<testng-results total="0" passed="0" failed="0" skipped="0">
  <reporter-output>
  </reporter-output>
  <suite started-at="2020-01-28T20:22:17Z" name="com.hellofresh.challenge.WebTest" finished-at="2020-01-28T20:22:17Z" duration-ms="2">
    <groups>
    </groups>
    <test started-at="2020-01-28T20:22:17Z" name="Command line test" finished-at="2020-01-28T20:22:17Z" duration-ms="2">
    </test> <!-- Command line test -->
  </suite> <!-- com.hellofresh.challenge.WebTest -->
</testng-results>
