<?xml version="1.0" encoding="UTF-8"?>
<testng-results total="4" passed="4" failed="0" skipped="0">
  <reporter-output>
  </reporter-output>
  <suite started-at="2020-01-29T21:24:23Z" name="Suite" finished-at="2020-01-29T21:24:27Z" duration-ms="3945">
    <groups>
    </groups>
    <test started-at="2020-01-29T21:24:23Z" name="Test" finished-at="2020-01-29T21:24:27Z" duration-ms="3945">
      <class name="com.hellofresh.api.getBookings">
        <test-method signature="test_get_response()[pri:0, instance:com.hellofresh.api.getBookings@6da21078]" started-at="2020-01-30T01:24:23Z" name="test_get_response" finished-at="2020-01-30T01:24:25Z" duration-ms="1958" status="PASS">
          <reporter-output>
          </reporter-output>
        </test-method> <!-- test_get_response -->
        <test-method signature="test_post_response()[pri:0, instance:com.hellofresh.api.getBookings@6da21078]" started-at="2020-01-30T01:24:25Z" name="test_post_response" finished-at="2020-01-30T01:24:25Z" duration-ms="572" status="PASS">
          <reporter-output>
          </reporter-output>
        </test-method> <!-- test_post_response -->
        <test-method signature="test_get_booking()[pri:0, instance:com.hellofresh.api.getBookings@6da21078]" started-at="2020-01-30T01:24:25Z" name="test_get_booking" finished-at="2020-01-30T01:24:26Z" duration-ms="445" status="PASS">
          <reporter-output>
          </reporter-output>
        </test-method> <!-- test_get_booking -->
        <test-method signature="test_error_response()[pri:0, instance:com.hellofresh.api.getBookings@6da21078]" started-at="2020-01-30T01:24:26Z" name="test_error_response" finished-at="2020-01-30T01:24:27Z" duration-ms="957" status="PASS">
          <reporter-output>
          </reporter-output>
        </test-method> <!-- test_error_response -->
      </class> <!-- com.hellofresh.api.getBookings -->
    </test> <!-- Test -->
  </suite> <!-- Suite -->
</testng-results>
